This is pdfTeXk, Version 3.141592-1.40.3 (Web2C 7.5.6) (format=latex 2007.10.20)  25 OCT 2007 19:40
entering extended mode
 %&-line parsing enabled.
**disp01.tex
(./disp01.tex
LaTeX2e <2005/12/01>
Babel <v3.8h> and hyphenation patterns for english, usenglishmax, dumylang, noh
yphenation, loaded.
(/usr/share/texmf-texlive/tex/latex/base/article.cls
Document Class: article 2005/09/16 v1.4f Standard LaTeX document class
(/usr/share/texmf-texlive/tex/latex/base/size10.clo
File: size10.clo 2005/09/16 v1.4f Standard LaTeX file (size option)
)
\c@part=\count79
\c@section=\count80
\c@subsection=\count81
\c@subsubsection=\count82
\c@paragraph=\count83
\c@subparagraph=\count84
\c@figure=\count85
\c@table=\count86
\abovecaptionskip=\skip41
\belowcaptionskip=\skip42
\bibindent=\dimen102
)
(/usr/share/texmf-texlive/tex/latex/graphics/graphicx.sty
Package: graphicx 1999/02/16 v1.0f Enhanced LaTeX Graphics (DPC,SPQR)

(/usr/share/texmf-texlive/tex/latex/graphics/keyval.sty
Package: keyval 1999/03/16 v1.13 key=value parser (DPC)
\KV@toks@=\toks14
)
(/usr/share/texmf-texlive/tex/latex/graphics/graphics.sty
Package: graphics 2006/02/20 v1.0o Standard LaTeX Graphics (DPC,SPQR)

(/usr/share/texmf-texlive/tex/latex/graphics/trig.sty
Package: trig 1999/03/16 v1.09 sin cos tan (DPC)
)
(/etc/texmf/tex/latex/config/graphics.cfg
File: graphics.cfg 2007/01/18 v1.5 graphics configuration of teTeX/TeXLive
)
Package graphics Info: Driver file: dvips.def on input line 90.

(/usr/share/texmf-texlive/tex/latex/graphics/dvips.def
File: dvips.def 1999/02/16 v3.0i Driver-dependant file (DPC,SPQR)
))
\Gin@req@height=\dimen103
\Gin@req@width=\dimen104
)
(/usr/share/texmf-texlive/tex/latex/geometry/geometry.sty
Package: geometry 2002/07/08 v3.2 Page Geometry
\Gm@cnth=\count87
\Gm@cntv=\count88
\c@Gm@tempcnt=\count89
\Gm@bindingoffset=\dimen105
\Gm@wd@mp=\dimen106
\Gm@odd@mp=\dimen107
\Gm@even@mp=\dimen108
\Gm@dimlist=\toks15
)
(/usr/share/texmf-texlive/tex/latex/amsmath/amsmath.sty
Package: amsmath 2000/07/18 v2.13 AMS math features
\@mathmargin=\skip43

For additional information on amsmath, use the `?' option.
(/usr/share/texmf-texlive/tex/latex/amsmath/amstext.sty
Package: amstext 2000/06/29 v2.01

(/usr/share/texmf-texlive/tex/latex/amsmath/amsgen.sty
File: amsgen.sty 1999/11/30 v2.0
\@emptytoks=\toks16
\ex@=\dimen109
))
(/usr/share/texmf-texlive/tex/latex/amsmath/amsbsy.sty
Package: amsbsy 1999/11/29 v1.2d
\pmbraise@=\dimen110
)
(/usr/share/texmf-texlive/tex/latex/amsmath/amsopn.sty
Package: amsopn 1999/12/14 v2.01 operator names
)
\inf@bad=\count90
LaTeX Info: Redefining \frac on input line 211.
\uproot@=\count91
\leftroot@=\count92
LaTeX Info: Redefining \overline on input line 307.
\classnum@=\count93
\DOTSCASE@=\count94
LaTeX Info: Redefining \ldots on input line 379.
LaTeX Info: Redefining \dots on input line 382.
LaTeX Info: Redefining \cdots on input line 467.
\Mathstrutbox@=\box26
\strutbox@=\box27
\big@size=\dimen111
LaTeX Font Info:    Redeclaring font encoding OML on input line 567.
LaTeX Font Info:    Redeclaring font encoding OMS on input line 568.
\macc@depth=\count95
\c@MaxMatrixCols=\count96
\dotsspace@=\muskip10
\c@parentequation=\count97
\dspbrk@lvl=\count98
\tag@help=\toks17
\row@=\count99
\column@=\count100
\maxfields@=\count101
\andhelp@=\toks18
\eqnshift@=\dimen112
\alignsep@=\dimen113
\tagshift@=\dimen114
\tagwidth@=\dimen115
\totwidth@=\dimen116
\lineht@=\dimen117
\@envbody=\toks19
\multlinegap=\skip44
\multlinetaggap=\skip45
\mathdisplay@stack=\toks20
LaTeX Info: Redefining \[ on input line 2666.
LaTeX Info: Redefining \] on input line 2667.
) (./disp01.aux)
\openout1 = `disp01.aux'.

LaTeX Font Info:    Checking defaults for OML/cmm/m/it on input line 11.
LaTeX Font Info:    ... okay on input line 11.
LaTeX Font Info:    Checking defaults for T1/cmr/m/n on input line 11.
LaTeX Font Info:    ... okay on input line 11.
LaTeX Font Info:    Checking defaults for OT1/cmr/m/n on input line 11.
LaTeX Font Info:    ... okay on input line 11.
LaTeX Font Info:    Checking defaults for OMS/cmsy/m/n on input line 11.
LaTeX Font Info:    ... okay on input line 11.
LaTeX Font Info:    Checking defaults for OMX/cmex/m/n on input line 11.
LaTeX Font Info:    ... okay on input line 11.
LaTeX Font Info:    Checking defaults for U/cmr/m/n on input line 11.
LaTeX Font Info:    ... okay on input line 11.
-------------------- Geometry parameters
paper: a4paper
landscape: --
twocolumn: --
twoside: --
asymmetric: --
h-parts: 56.9055pt, 483.69687pt, 56.9055pt
v-parts: 56.9055pt, 731.23584pt, 56.9055pt
hmarginratio: --
vmarginratio: --
lines: --
heightrounded: --
bindingoffset: 0.0pt
truedimen: --
includehead: --
includefoot: --
includemp: --
driver: 
-------------------- Page layout dimensions and switches
\paperwidth  597.50787pt
\paperheight 845.04684pt
\textwidth  483.69687pt
\textheight 731.23584pt
\oddsidemargin  -15.36449pt
\evensidemargin -15.36449pt
\topmargin  -56.36449pt
\headheight 16.0pt
\headsep    25.0pt
\footskip   30.0pt
\marginparwidth 57.0pt
\marginparsep   11.0pt
\columnsep  10.0pt
\skip\footins  9.0pt plus 4.0pt minus 2.0pt
\hoffset 0.0pt
\voffset 0.0pt
\mag 1000

(1in=72.27pt, 1cm=28.45pt)
-----------------------
File: cvsk_U00.eps Graphic file (type eps)

<cvsk_U00.eps>
File: ckvsk_U00.eps Graphic file (type eps)
 <ckvsk_U00.eps>
File: cvsk_U05.eps Graphic file (type eps)
 <cvsk_U05.eps>
File: ckvsk_U05.eps Graphic file (type eps)
 <ckvsk_U05.eps>
File: cvsk_U10.eps Graphic file (type eps)
 <cvsk_U10.eps>
File: ckvsk_U10.eps Graphic file (type eps)

<ckvsk_U10.eps>
File: cvsk_U15.eps Graphic file (type eps)
 <cvsk_U15.eps>
File: ckvsk_U15.eps Graphic file (type eps)
 <ckvsk_U15.eps>
File: cvsk_U20.eps Graphic file (type eps)
 <cvsk_U20.eps>
File: ckvsk_U20.eps Graphic file (type eps)
 <ckvsk_U20.eps>
File: cvsk_U25.eps Graphic file (type eps)

<cvsk_U25.eps>
File: ckvsk_U25.eps Graphic file (type eps)
 <ckvsk_U25.eps>
File: cvsk_U30.eps Graphic file (type eps)
 <cvsk_U30.eps>
File: ckvsk_U30.eps Graphic file (type eps)
 <ckvsk_U30.eps>
File: cvsk_U50.eps Graphic file (type eps)
 <cvsk_U50.eps>
File: ckvsk_U50.eps Graphic file (type eps)

<ckvsk_U50.eps> [1

] [2] [3] [4]
File: c_vs_k_02.eps Graphic file (type eps)
 <c_vs_k_02.eps>
File: ck_vs_k_02.eps Graphic file (type eps)
 <ck_vs_k_02.eps>
File: c_vs_k.eps Graphic file (type eps)
 <c_vs_k.eps>
File: ck_vs_k.eps Graphic file (type eps)

<ck_vs_k.eps>
File: disp_k20_c01.eps Graphic file (type eps)
 <disp_k20_c01.eps>
File: mot_k20_c01.eps Graphic file (type eps)
 <mot_k20_c01.eps>
File: disp_k20_c02.eps Graphic file (type eps)
 <disp_k20_c02.eps>
File: mot_k20_c02.eps Graphic file (type eps)

<mot_k20_c02.eps>
File: disp_k37_c01.eps Graphic file (type eps)
 <disp_k37_c01.eps>
File: mot_k37_c01.eps Graphic file (type eps)
 <mot_k37_c01.eps>
File: disp_k37_c02.eps Graphic file (type eps)
 <disp_k37_c02.eps>
File: mot_k37_c02.eps Graphic file (type eps)

<mot_k37_c02.eps>
File: disp_k50_c01.eps Graphic file (type eps)
 <disp_k50_c01.eps>
File: mot_k50_c01.eps Graphic file (type eps)
 <mot_k50_c01.eps>
File: disp_k50_c02.eps Graphic file (type eps)
 <disp_k50_c02.eps>
File: mot_k50_c02.eps Graphic file (type eps)

<mot_k50_c02.eps> [5

] [6] [7] (./disp01.aux) ) 
Here is how much of TeX's memory you used:
 1529 strings out of 95087
 18633 string characters out of 1183277
 70976 words of memory out of 1500000
 4702 multiletter control sequences out of 10000+50000
 9900 words of font info for 36 fonts, out of 1200000 for 2000
 28 hyphenation exceptions out of 8191
 27i,6n,20p,503b,255s stack positions out of 5000i,500n,6000p,200000b,5000s

Output written on disp01.dvi (7 pages, 5996 bytes).
